  maincpp.cpp
f:\project\b-ray\trunk\b-ray\b-ray\vector3.h(24): error C3867: “Vector3::x”: 非标准语法；请使用 "&" 来创建指向成员的指针
f:\project\b-ray\trunk\b-ray\b-ray\vector3.h(24): error C2296: “-”: 非法，左操作数包含“double (__thiscall Vector3::* )(void) const”类型
f:\project\b-ray\trunk\b-ray\b-ray\vector3.h(24): error C2297: “-”: 非法，右操作数包含“double (__thiscall Vector3::* )(void) const”类型
f:\project\b-ray\trunk\b-ray\b-ray\vector3.h(24): error C3867: “Vector3::y”: 非标准语法；请使用 "&" 来创建指向成员的指针
f:\project\b-ray\trunk\b-ray\b-ray\vector3.h(24): error C3867: “Vector3::z”: 非标准语法；请使用 "&" 来创建指向成员的指针
f:\project\b-ray\trunk\b-ray\b-ray\vector3.h(28): error C3867: “Vector3::x”: 非标准语法；请使用 "&" 来创建指向成员的指针
f:\project\b-ray\trunk\b-ray\b-ray\vector3.h(28): error C2296: “+”: 非法，左操作数包含“double (__thiscall Vector3::* )(void) const”类型
f:\project\b-ray\trunk\b-ray\b-ray\vector3.h(28): error C2297: “+”: 非法，右操作数包含“double (__thiscall Vector3::* )(void) const”类型
f:\project\b-ray\trunk\b-ray\b-ray\vector3.h(28): error C3867: “Vector3::y”: 非标准语法；请使用 "&" 来创建指向成员的指针
f:\project\b-ray\trunk\b-ray\b-ray\vector3.h(28): error C3867: “Vector3::z”: 非标准语法；请使用 "&" 来创建指向成员的指针
f:\project\b-ray\trunk\b-ray\b-ray\vector3.h(32): error C3867: “Vector3::x”: 非标准语法；请使用 "&" 来创建指向成员的指针
f:\project\b-ray\trunk\b-ray\b-ray\vector3.h(32): error C2296: “*”: 非法，左操作数包含“double (__thiscall Vector3::* )(void) const”类型
f:\project\b-ray\trunk\b-ray\b-ray\vector3.h(32): error C3867: “Vector3::y”: 非标准语法；请使用 "&" 来创建指向成员的指针
f:\project\b-ray\trunk\b-ray\b-ray\vector3.h(32): error C3867: “Vector3::z”: 非标准语法；请使用 "&" 来创建指向成员的指针
f:\project\b-ray\trunk\b-ray\b-ray\vector3.h(36): error C3867: “Vector3::x”: 非标准语法；请使用 "&" 来创建指向成员的指针
f:\project\b-ray\trunk\b-ray\b-ray\vector3.h(36): error C2296: “/”: 非法，左操作数包含“double (__thiscall Vector3::* )(void) const”类型
f:\project\b-ray\trunk\b-ray\b-ray\vector3.h(36): error C3867: “Vector3::y”: 非标准语法；请使用 "&" 来创建指向成员的指针
f:\project\b-ray\trunk\b-ray\b-ray\vector3.h(36): error C3867: “Vector3::z”: 非标准语法；请使用 "&" 来创建指向成员的指针
f:\project\b-ray\trunk\b-ray\b-ray\maincpp.cpp(7): error C2377: “Color”: 重定义；typedef 不能由任何其他符号重载
  f:\project\b-ray\trunk\b-ray\b-ray\vector3.h(40): note: 参见“Color”的声明
f:\project\b-ray\trunk\b-ray\b-ray\maincpp.cpp(7): error C2146: 语法错误: 缺少“;”(在标识符“ray_color”的前面)
f:\project\b-ray\trunk\b-ray\b-ray\maincpp.cpp(7): error C4430: 缺少类型说明符 - 假定为 int。注意: C++ 不支持默认 int
f:\project\b-ray\trunk\b-ray\b-ray\maincpp.cpp(9): warning C4508: “ray_color”: 函数应返回一个值；假定“void”返回类型
f:\project\b-ray\trunk\b-ray\b-ray\ray.h(16): error C2677: 二进制“*”: 没有找到接受“Vector3”类型的全局运算符(或没有可接受的转换)
f:\project\b-ray\trunk\b-ray\b-ray\maincpp.cpp(30): error C2131: 表达式的计算结果不是常数
  f:\project\b-ray\trunk\b-ray\b-ray\maincpp.cpp(17): note: 读取未初始化符号导致失败
  f:\project\b-ray\trunk\b-ray\b-ray\maincpp.cpp(17): note: 请参见“image_height”的用法
f:\project\b-ray\trunk\b-ray\b-ray\maincpp.cpp(36): error C2065: “x”: 未声明的标识符
f:\project\b-ray\trunk\b-ray\b-ray\maincpp.cpp(37): error C2065: “y”: 未声明的标识符
